[0.126s] DEBUG:colcon:Command line arguments: ['/usr/bin/colcon', 'build', '--symlink-install']
[0.126s] DEBUG:colcon:Parsed command line arguments: Namespace(log_base=None, log_level=None, verb_name='build', build_base='build', install_base='install', merge_install=False, symlink_install=True, test_result_base=None, continue_on_error=False, executor='parallel', parallel_workers=12, event_handlers=None, ignore_user_meta=False, metas=['./colcon.meta'], base_paths=['.'], packages_ignore=None, packages_ignore_regex=None, paths=None, packages_up_to=None, packages_up_to_regex=None, packages_above=None, packages_above_and_dependencies=None, packages_above_depth=None, packages_select_by_dep=None, packages_skip_by_dep=None, packages_skip_up_to=None, packages_select_build_failed=False, packages_skip_build_finished=False, packages_select_test_failures=False, packages_skip_test_passed=False, packages_select=None, packages_skip=None, packages_select_regex=None, packages_skip_regex=None, packages_start=None, packages_end=None, allow_overriding=[], cmake_args=None, cmake_target=None, cmake_target_skip_unavailable=False, cmake_clean_cache=False, cmake_clean_first=False, cmake_force_configure=False, ament_cmake_args=None, catkin_cmake_args=None, catkin_skip_building_tests=False, verb_parser=<colcon_defaults.argument_parser.defaults.DefaultArgumentsDecorator object at 0x7f5ce787f880>, verb_extension=<colcon_core.verb.build.BuildVerb object at 0x7f5ce7a3cbe0>, main=<bound method BuildVerb.main of <colcon_core.verb.build.BuildVerb object at 0x7f5ce7a3cbe0>>)
[0.246s] Level 1:colcon.colcon_core.package_discovery:discover_packages(colcon_meta) check parameters
[0.247s] Level 1:colcon.colcon_core.package_discovery:discover_packages(recursive) check parameters
[0.247s] Level 1:colcon.colcon_core.package_discovery:discover_packages(ignore) check parameters
[0.247s] Level 1:colcon.colcon_core.package_discovery:discover_packages(path) check parameters
[0.247s] Level 1:colcon.colcon_core.package_discovery:discover_packages(colcon_meta) discover
[0.247s] Level 1:colcon.colcon_core.package_discovery:discover_packages(recursive) discover
[0.247s] INFO:colcon.colcon_core.package_discovery:Crawling recursively for packages in '/home/pablo/ros/ros2home_ws/src/donatello'
[0.247s] Level 1:colcon.colcon_core.package_identification:_identify(.) by extensions ['ignore', 'ignore_ament_install']
[0.247s] Level 1:colcon.colcon_core.package_identification:_identify(.) by extension 'ignore'
[0.247s] Level 1:colcon.colcon_core.package_identification:_identify(.) by extension 'ignore_ament_install'
[0.247s] Level 1:colcon.colcon_core.package_identification:_identify(.) by extensions ['colcon_pkg']
[0.247s] Level 1:colcon.colcon_core.package_identification:_identify(.) by extension 'colcon_pkg'
[0.247s] Level 1:colcon.colcon_core.package_identification:_identify(.) by extensions ['colcon_meta']
[0.247s] Level 1:colcon.colcon_core.package_identification:_identify(.) by extension 'colcon_meta'
[0.247s] Level 1:colcon.colcon_core.package_identification:_identify(.) by extensions ['ros']
[0.247s] Level 1:colcon.colcon_core.package_identification:_identify(.) by extension 'ros'
[0.256s] DEBUG:colcon.colcon_core.package_identification:Package '.' with type 'ros.ament_cmake' and name 'donatello'
[0.257s] Level 1:colcon.colcon_core.package_discovery:discover_packages(recursive) using defaults
[0.257s] Level 1:colcon.colcon_core.package_discovery:discover_packages(ignore) discover
[0.257s] Level 1:colcon.colcon_core.package_discovery:discover_packages(ignore) using defaults
[0.257s] Level 1:colcon.colcon_core.package_discovery:discover_packages(path) discover
[0.257s] Level 1:colcon.colcon_core.package_discovery:discover_packages(path) using defaults
[0.270s] Level 1:colcon.colcon_core.package_discovery:discover_packages(prefix_path) check parameters
[0.270s] Level 1:colcon.colcon_core.package_discovery:discover_packages(prefix_path) discover
[0.272s] DEBUG:colcon.colcon_installed_package_information.package_discovery:Found 1 installed packages in /home/pablo/ros/ros2home_ws/install
[0.272s] DEBUG:colcon.colcon_installed_package_information.package_discovery:Found 2 installed packages in /home/pablo/ros/myros2workspace1_ws/install
[0.272s] DEBUG:colcon.colcon_installed_package_information.package_discovery:Found 0 installed packages in /home/pablo/ros/myrostest_ws/install
[0.273s] DEBUG:colcon.colcon_installed_package_information.package_discovery:Found 283 installed packages in /opt/ros/humble
[0.275s] Level 1:colcon.colcon_core.package_discovery:discover_packages(prefix_path) using defaults
[0.310s] Level 5:colcon.colcon_core.verb:set package 'donatello' build argument 'cmake_args' from command line to 'None'
[0.311s] Level 5:colcon.colcon_core.verb:set package 'donatello' build argument 'cmake_target' from command line to 'None'
[0.311s] Level 5:colcon.colcon_core.verb:set package 'donatello' build argument 'cmake_target_skip_unavailable' from command line to 'False'
[0.311s] Level 5:colcon.colcon_core.verb:set package 'donatello' build argument 'cmake_clean_cache' from command line to 'False'
[0.311s] Level 5:colcon.colcon_core.verb:set package 'donatello' build argument 'cmake_clean_first' from command line to 'False'
[0.311s] Level 5:colcon.colcon_core.verb:set package 'donatello' build argument 'cmake_force_configure' from command line to 'False'
[0.311s] Level 5:colcon.colcon_core.verb:set package 'donatello' build argument 'ament_cmake_args' from command line to 'None'
[0.311s] Level 5:colcon.colcon_core.verb:set package 'donatello' build argument 'catkin_cmake_args' from command line to 'None'
[0.311s] Level 5:colcon.colcon_core.verb:set package 'donatello' build argument 'catkin_skip_building_tests' from command line to 'False'
[0.311s] DEBUG:colcon.colcon_core.verb:Building package 'donatello' with the following arguments: {'ament_cmake_args': None, 'build_base': '/home/pablo/ros/ros2home_ws/src/donatello/build/donatello', 'catkin_cmake_args': None, 'catkin_skip_building_tests': False, 'cmake_args': None, 'cmake_clean_cache': False, 'cmake_clean_first': False, 'cmake_force_configure': False, 'cmake_target': None, 'cmake_target_skip_unavailable': False, 'install_base': '/home/pablo/ros/ros2home_ws/src/donatello/install/donatello', 'merge_install': False, 'path': '/home/pablo/ros/ros2home_ws/src/donatello', 'symlink_install': True, 'test_result_base': None}
[0.311s] INFO:colcon.colcon_core.executor:Executing jobs using 'parallel' executor
[0.312s] DEBUG:colcon.colcon_parallel_executor.executor.parallel:run_until_complete
[0.312s] INFO:colcon.colcon_ros.task.ament_cmake.build:Building ROS package in '/home/pablo/ros/ros2home_ws/src/donatello' with build type 'ament_cmake'
[0.312s] INFO:colcon.colcon_cmake.task.cmake.build:Building CMake package in '/home/pablo/ros/ros2home_ws/src/donatello'
[0.314s] INFO:colcon.colcon_core.plugin_system:Skipping extension 'colcon_core.shell.bat': Not used on non-Windows systems
[0.314s] INFO:colcon.colcon_core.shell:Skip shell extension 'powershell' for command environment: Not usable outside of PowerShell
[0.314s] DEBUG:colcon.colcon_core.shell:Skip shell extension 'dsv' for command environment
[0.323s] DEBUG:colcon.colcon_core.event_handler.log_command:Invoking command in '/home/pablo/ros/ros2home_ws/src/donatello/build/donatello': CMAKE_PREFIX_PATH=${CMAKE_PREFIX_PATH}:/opt/ros/humble /usr/bin/cmake /home/pablo/ros/ros2home_ws/src/donatello -DAMENT_CMAKE_SYMLINK_INSTALL=1 -DCMAKE_INSTALL_PREFIX=/home/pablo/ros/ros2home_ws/src/donatello/install/donatello
[1.715s] DEBUG:colcon.colcon_core.event_handler.log_command:Invoked command in '/home/pablo/ros/ros2home_ws/src/donatello/build/donatello' returned '0': CMAKE_PREFIX_PATH=${CMAKE_PREFIX_PATH}:/opt/ros/humble /usr/bin/cmake /home/pablo/ros/ros2home_ws/src/donatello -DAMENT_CMAKE_SYMLINK_INSTALL=1 -DCMAKE_INSTALL_PREFIX=/home/pablo/ros/ros2home_ws/src/donatello/install/donatello
[1.717s] DEBUG:colcon.colcon_core.event_handler.log_command:Invoking command in '/home/pablo/ros/ros2home_ws/src/donatello/build/donatello': CMAKE_PREFIX_PATH=${CMAKE_PREFIX_PATH}:/opt/ros/humble /usr/bin/cmake --build /home/pablo/ros/ros2home_ws/src/donatello/build/donatello -- -j12 -l12
[1.743s] DEBUG:colcon.colcon_core.event_handler.log_command:Invoked command in '/home/pablo/ros/ros2home_ws/src/donatello/build/donatello' returned '0': CMAKE_PREFIX_PATH=${CMAKE_PREFIX_PATH}:/opt/ros/humble /usr/bin/cmake --build /home/pablo/ros/ros2home_ws/src/donatello/build/donatello -- -j12 -l12
[1.751s] DEBUG:colcon.colcon_core.event_handler.log_command:Invoking command in '/home/pablo/ros/ros2home_ws/src/donatello/build/donatello': CMAKE_PREFIX_PATH=${CMAKE_PREFIX_PATH}:/opt/ros/humble /usr/bin/cmake --install /home/pablo/ros/ros2home_ws/src/donatello/build/donatello
[1.927s] Level 1:colcon.colcon_core.environment:create_environment_scripts_only(donatello)
[1.928s] DEBUG:colcon.colcon_core.event_handler.log_command:Invoked command in '/home/pablo/ros/ros2home_ws/src/donatello/build/donatello' returned '0': CMAKE_PREFIX_PATH=${CMAKE_PREFIX_PATH}:/opt/ros/humble /usr/bin/cmake --install /home/pablo/ros/ros2home_ws/src/donatello/build/donatello
[1.930s] Level 1:colcon.colcon_core.environment:checking '/home/pablo/ros/ros2home_ws/src/donatello/install/donatello' for CMake module files
[1.930s] Level 1:colcon.colcon_core.environment:checking '/home/pablo/ros/ros2home_ws/src/donatello/install/donatello' for CMake config files
[1.930s] Level 1:colcon.colcon_core.shell:create_environment_hook('donatello', 'cmake_prefix_path')
[1.931s] INFO:colcon.colcon_core.shell:Creating environment hook '/home/pablo/ros/ros2home_ws/src/donatello/install/donatello/share/donatello/hook/cmake_prefix_path.ps1'
[1.931s] INFO:colcon.colcon_core.shell:Creating environment descriptor '/home/pablo/ros/ros2home_ws/src/donatello/install/donatello/share/donatello/hook/cmake_prefix_path.dsv'
[1.932s] INFO:colcon.colcon_core.shell:Creating environment hook '/home/pablo/ros/ros2home_ws/src/donatello/install/donatello/share/donatello/hook/cmake_prefix_path.sh'
[1.932s] Level 1:colcon.colcon_core.environment:checking '/home/pablo/ros/ros2home_ws/src/donatello/install/donatello/bin'
[1.932s] Level 1:colcon.colcon_core.environment:checking '/home/pablo/ros/ros2home_ws/src/donatello/install/donatello/lib/pkgconfig/donatello.pc'
[1.933s] Level 1:colcon.colcon_core.environment:checking '/home/pablo/ros/ros2home_ws/src/donatello/install/donatello/lib/python3.10/site-packages'
[1.933s] Level 1:colcon.colcon_core.environment:checking '/home/pablo/ros/ros2home_ws/src/donatello/install/donatello/bin'
[1.933s] INFO:colcon.colcon_core.shell:Creating package script '/home/pablo/ros/ros2home_ws/src/donatello/install/donatello/share/donatello/package.ps1'
[1.933s] INFO:colcon.colcon_core.shell:Creating package descriptor '/home/pablo/ros/ros2home_ws/src/donatello/install/donatello/share/donatello/package.dsv'
[1.934s] INFO:colcon.colcon_core.shell:Creating package script '/home/pablo/ros/ros2home_ws/src/donatello/install/donatello/share/donatello/package.sh'
[1.934s] INFO:colcon.colcon_core.shell:Creating package script '/home/pablo/ros/ros2home_ws/src/donatello/install/donatello/share/donatello/package.bash'
[1.935s] INFO:colcon.colcon_core.shell:Creating package script '/home/pablo/ros/ros2home_ws/src/donatello/install/donatello/share/donatello/package.zsh'
[1.935s] Level 1:colcon.colcon_core.environment:create_file_with_runtime_dependencies(/home/pablo/ros/ros2home_ws/src/donatello/install/donatello/share/colcon-core/packages/donatello)
[1.936s] Level 1:colcon.colcon_core.environment:create_environment_scripts_only(donatello)
[1.936s] Level 1:colcon.colcon_core.environment:checking '/home/pablo/ros/ros2home_ws/src/donatello/install/donatello' for CMake module files
[1.937s] Level 1:colcon.colcon_core.environment:checking '/home/pablo/ros/ros2home_ws/src/donatello/install/donatello' for CMake config files
[1.937s] Level 1:colcon.colcon_core.shell:create_environment_hook('donatello', 'cmake_prefix_path')
[1.937s] INFO:colcon.colcon_core.shell:Creating environment hook '/home/pablo/ros/ros2home_ws/src/donatello/install/donatello/share/donatello/hook/cmake_prefix_path.ps1'
[1.938s] INFO:colcon.colcon_core.shell:Creating environment descriptor '/home/pablo/ros/ros2home_ws/src/donatello/install/donatello/share/donatello/hook/cmake_prefix_path.dsv'
[1.938s] INFO:colcon.colcon_core.shell:Creating environment hook '/home/pablo/ros/ros2home_ws/src/donatello/install/donatello/share/donatello/hook/cmake_prefix_path.sh'
[1.938s] Level 1:colcon.colcon_core.environment:checking '/home/pablo/ros/ros2home_ws/src/donatello/install/donatello/bin'
[1.938s] Level 1:colcon.colcon_core.environment:checking '/home/pablo/ros/ros2home_ws/src/donatello/install/donatello/lib/pkgconfig/donatello.pc'
[1.939s] Level 1:colcon.colcon_core.environment:checking '/home/pablo/ros/ros2home_ws/src/donatello/install/donatello/lib/python3.10/site-packages'
[1.939s] Level 1:colcon.colcon_core.environment:checking '/home/pablo/ros/ros2home_ws/src/donatello/install/donatello/bin'
[1.939s] INFO:colcon.colcon_core.shell:Creating package script '/home/pablo/ros/ros2home_ws/src/donatello/install/donatello/share/donatello/package.ps1'
[1.939s] INFO:colcon.colcon_core.shell:Creating package descriptor '/home/pablo/ros/ros2home_ws/src/donatello/install/donatello/share/donatello/package.dsv'
[1.940s] INFO:colcon.colcon_core.shell:Creating package script '/home/pablo/ros/ros2home_ws/src/donatello/install/donatello/share/donatello/package.sh'
[1.940s] INFO:colcon.colcon_core.shell:Creating package script '/home/pablo/ros/ros2home_ws/src/donatello/install/donatello/share/donatello/package.bash'
[1.940s] INFO:colcon.colcon_core.shell:Creating package script '/home/pablo/ros/ros2home_ws/src/donatello/install/donatello/share/donatello/package.zsh'
[1.941s] Level 1:colcon.colcon_core.environment:create_file_with_runtime_dependencies(/home/pablo/ros/ros2home_ws/src/donatello/install/donatello/share/colcon-core/packages/donatello)
[1.941s] DEBUG:colcon.colcon_parallel_executor.executor.parallel:closing loop
[1.941s] DEBUG:colcon.colcon_parallel_executor.executor.parallel:loop closed
[1.942s] DEBUG:colcon.colcon_parallel_executor.executor.parallel:run_until_complete finished with '0'
[1.942s] DEBUG:colcon.colcon_core.event_reactor:joining thread
[1.971s] INFO:colcon.colcon_core.plugin_system:Skipping extension 'colcon_notification.desktop_notification.notify_send': Could not find 'notify-send'
[1.971s] INFO:colcon.colcon_core.plugin_system:Skipping extension 'colcon_notification.desktop_notification.terminal_notifier': Not used on non-Darwin systems
[1.971s] INFO:colcon.colcon_core.plugin_system:Skipping extension 'colcon_notification.desktop_notification.win32': Not used on non-Windows systems
[1.971s] INFO:colcon.colcon_notification.desktop_notification:Sending desktop notification using 'notify2'
[1.972s] DEBUG:colcon.colcon_notification.desktop_notification.notify2:Failed to initialize notify2: org.freedesktop.DBus.Error.ServiceUnknown: The name org.freedesktop.Notifications was not provided by any .service files
[1.972s] DEBUG:colcon.colcon_core.event_reactor:joined thread
[1.973s] INFO:colcon.colcon_core.shell:Creating prefix script '/home/pablo/ros/ros2home_ws/src/donatello/install/local_setup.ps1'
[1.973s] INFO:colcon.colcon_core.shell:Creating prefix util module '/home/pablo/ros/ros2home_ws/src/donatello/install/_local_setup_util_ps1.py'
[1.974s] INFO:colcon.colcon_core.shell:Creating prefix chain script '/home/pablo/ros/ros2home_ws/src/donatello/install/setup.ps1'
[1.975s] INFO:colcon.colcon_core.shell:Creating prefix script '/home/pablo/ros/ros2home_ws/src/donatello/install/local_setup.sh'
[1.976s] INFO:colcon.colcon_core.shell:Creating prefix util module '/home/pablo/ros/ros2home_ws/src/donatello/install/_local_setup_util_sh.py'
[1.976s] INFO:colcon.colcon_core.shell:Creating prefix chain script '/home/pablo/ros/ros2home_ws/src/donatello/install/setup.sh'
[1.977s] INFO:colcon.colcon_core.shell:Creating prefix script '/home/pablo/ros/ros2home_ws/src/donatello/install/local_setup.bash'
[1.977s] INFO:colcon.colcon_core.shell:Creating prefix chain script '/home/pablo/ros/ros2home_ws/src/donatello/install/setup.bash'
[1.978s] INFO:colcon.colcon_core.shell:Creating prefix script '/home/pablo/ros/ros2home_ws/src/donatello/install/local_setup.zsh'
[1.978s] INFO:colcon.colcon_core.shell:Creating prefix chain script '/home/pablo/ros/ros2home_ws/src/donatello/install/setup.zsh'
