[0.011s] Invoking command in '/home/pablo/ros/ros2home_ws/src/donatello/build/donatello': CMAKE_PREFIX_PATH=${CMAKE_PREFIX_PATH}:/opt/ros/humble /usr/bin/cmake /home/pablo/ros/ros2home_ws/src/donatello -DAMENT_CMAKE_SYMLINK_INSTALL=1 -DCMAKE_INSTALL_PREFIX=/home/pablo/ros/ros2home_ws/src/donatello/install/donatello
[0.198s] -- The C compiler identification is GNU 11.4.0
[0.580s] -- The CXX compiler identification is GNU 11.4.0
[0.817s] -- Detecting C compiler ABI info
[0.922s] -- Detecting C compiler ABI info - done
[0.929s] -- Check for working C compiler: /usr/bin/cc - skipped
[0.929s] -- Detecting C compile features
[0.930s] -- Detecting C compile features - done
[0.934s] -- Detecting CXX compiler ABI info
[1.048s] -- Detecting CXX compiler ABI info - done
[1.055s] -- Check for working CXX compiler: /usr/bin/c++ - skipped
[1.055s] -- Detecting CXX compile features
[1.056s] -- Detecting CXX compile features - done
[1.061s] -- Found ament_cmake: 1.3.11 (/opt/ros/humble/share/ament_cmake/cmake)
[1.181s] -- Found Python3: /usr/bin/python3 (found version "3.10.12") found components: Interpreter 
[1.237s] -- Override CMake install command with custom implementation using symlinks instead of copying resources
[1.277s] -- Found ament_lint_auto: 0.12.11 (/opt/ros/humble/share/ament_lint_auto/cmake)
[1.351s] -- Added test 'copyright' to check source files copyright and LICENSE
[1.361s] -- Added test 'cppcheck' to perform static code analysis on C / C++ code
[1.361s] -- Configured cppcheck include dirs: 
[1.361s] -- Configured cppcheck exclude dirs and/or files: 
[1.371s] -- Added test 'cpplint' to check C / C++ code against the Google style
[1.371s] -- Configured cpplint exclude dirs and/or files: 
[1.373s] -- Added test 'flake8' to check Python code syntax and style conventions
[1.376s] -- Added test 'lint_cmake' to check CMake code style
[1.378s] -- Added test 'pep257' to check Python code against some of the docstring style conventions in PEP 257
[1.388s] -- Added test 'uncrustify' to check C / C++ code style
[1.388s] -- Configured uncrustify additional arguments: 
[1.390s] -- Added test 'xmllint' to check XML markup files
[1.392s] -- Configuring done
[1.397s] -- Generating done
[1.398s] -- Build files have been written to: /home/pablo/ros/ros2home_ws/src/donatello/build/donatello
[1.402s] Invoked command in '/home/pablo/ros/ros2home_ws/src/donatello/build/donatello' returned '0': CMAKE_PREFIX_PATH=${CMAKE_PREFIX_PATH}:/opt/ros/humble /usr/bin/cmake /home/pablo/ros/ros2home_ws/src/donatello -DAMENT_CMAKE_SYMLINK_INSTALL=1 -DCMAKE_INSTALL_PREFIX=/home/pablo/ros/ros2home_ws/src/donatello/install/donatello
[1.405s] Invoking command in '/home/pablo/ros/ros2home_ws/src/donatello/build/donatello': CMAKE_PREFIX_PATH=${CMAKE_PREFIX_PATH}:/opt/ros/humble /usr/bin/cmake --build /home/pablo/ros/ros2home_ws/src/donatello/build/donatello -- -j12 -l12
[1.431s] Invoked command in '/home/pablo/ros/ros2home_ws/src/donatello/build/donatello' returned '0': CMAKE_PREFIX_PATH=${CMAKE_PREFIX_PATH}:/opt/ros/humble /usr/bin/cmake --build /home/pablo/ros/ros2home_ws/src/donatello/build/donatello -- -j12 -l12
[1.438s] Invoking command in '/home/pablo/ros/ros2home_ws/src/donatello/build/donatello': CMAKE_PREFIX_PATH=${CMAKE_PREFIX_PATH}:/opt/ros/humble /usr/bin/cmake --install /home/pablo/ros/ros2home_ws/src/donatello/build/donatello
[1.443s] -- Install configuration: ""
[1.444s] -- Execute custom install script
[1.445s] -- Symlinking: /home/pablo/ros/ros2home_ws/src/donatello/install/donatello/share/donatello/config/drive_donatello.rviz
[1.451s] -- Symlinking: /home/pablo/ros/ros2home_ws/src/donatello/install/donatello/share/donatello/config/empty.yaml
[1.458s] -- Symlinking: /home/pablo/ros/ros2home_ws/src/donatello/install/donatello/share/donatello/config/view_bot.rviz
[1.464s] -- Symlinking: /home/pablo/ros/ros2home_ws/src/donatello/install/donatello/share/donatello/description/gazebo_control.xacro
[1.470s] -- Symlinking: /home/pablo/ros/ros2home_ws/src/donatello/install/donatello/share/donatello/description/inertial_macros.xacro
[1.476s] -- Symlinking: /home/pablo/ros/ros2home_ws/src/donatello/install/donatello/share/donatello/description/robot.urdf.xacro
[1.482s] -- Symlinking: /home/pablo/ros/ros2home_ws/src/donatello/install/donatello/share/donatello/description/robot_core.xacro
[1.489s] -- Symlinking: /home/pablo/ros/ros2home_ws/src/donatello/install/donatello/share/donatello/launch/launch_sim.launch.py
[1.495s] -- Symlinking: /home/pablo/ros/ros2home_ws/src/donatello/install/donatello/share/donatello/launch/rsp.launch.py
[1.502s] -- Symlinking: /home/pablo/ros/ros2home_ws/src/donatello/install/donatello/share/donatello/worlds/empty.world
[1.508s] -- Symlinking: /home/pablo/ros/ros2home_ws/src/donatello/install/donatello/share/donatello/worlds/obstacles.world
[1.515s] -- Symlinking: /home/pablo/ros/ros2home_ws/src/donatello/install/donatello/share/ament_index/resource_index/package_run_dependencies/donatello
[1.521s] -- Symlinking: /home/pablo/ros/ros2home_ws/src/donatello/install/donatello/share/ament_index/resource_index/parent_prefix_path/donatello
[1.528s] -- Symlinking: /home/pablo/ros/ros2home_ws/src/donatello/install/donatello/share/donatello/environment/ament_prefix_path.sh
[1.535s] -- Symlinking: /home/pablo/ros/ros2home_ws/src/donatello/install/donatello/share/donatello/environment/ament_prefix_path.dsv
[1.541s] -- Symlinking: /home/pablo/ros/ros2home_ws/src/donatello/install/donatello/share/donatello/environment/path.sh
[1.549s] -- Symlinking: /home/pablo/ros/ros2home_ws/src/donatello/install/donatello/share/donatello/environment/path.dsv
[1.555s] -- Symlinking: /home/pablo/ros/ros2home_ws/src/donatello/install/donatello/share/donatello/local_setup.bash
[1.562s] -- Symlinking: /home/pablo/ros/ros2home_ws/src/donatello/install/donatello/share/donatello/local_setup.sh
[1.569s] -- Symlinking: /home/pablo/ros/ros2home_ws/src/donatello/install/donatello/share/donatello/local_setup.zsh
[1.575s] -- Symlinking: /home/pablo/ros/ros2home_ws/src/donatello/install/donatello/share/donatello/local_setup.dsv
[1.582s] -- Symlinking: /home/pablo/ros/ros2home_ws/src/donatello/install/donatello/share/donatello/package.dsv
[1.588s] -- Symlinking: /home/pablo/ros/ros2home_ws/src/donatello/install/donatello/share/ament_index/resource_index/packages/donatello
[1.595s] -- Symlinking: /home/pablo/ros/ros2home_ws/src/donatello/install/donatello/share/donatello/cmake/donatelloConfig.cmake
[1.601s] -- Symlinking: /home/pablo/ros/ros2home_ws/src/donatello/install/donatello/share/donatello/cmake/donatelloConfig-version.cmake
[1.607s] -- Symlinking: /home/pablo/ros/ros2home_ws/src/donatello/install/donatello/share/donatello/package.xml
[1.615s] Invoked command in '/home/pablo/ros/ros2home_ws/src/donatello/build/donatello' returned '0': CMAKE_PREFIX_PATH=${CMAKE_PREFIX_PATH}:/opt/ros/humble /usr/bin/cmake --install /home/pablo/ros/ros2home_ws/src/donatello/build/donatello
